<?xml version="1.0" encoding="UTF-8"?>
<testng-results total="1" passed="1" failed="0" skipped="0">
  <reporter-output>
  </reporter-output>
  <suite started-at="2020-05-12T11:41:07Z" name="Cucumber Suite" finished-at="2020-05-12T11:41:14Z" duration-ms="7041">
    <groups>
      <group name="cucumber">
        <method signature="Runner.feature(cucumber.api.testng.CucumberFeatureWrapper)[pri:0, instance:TestRunner.Runner@50b472aa]" name="feature" class="TestRunner.Runner"/>
      </group> <!-- cucumber -->
    </groups>
    <test started-at="2020-05-12T11:41:07Z" name="cucumber test" finished-at="2020-05-12T11:41:14Z" duration-ms="7041">
      <class name="TestRunner.Runner">
        <test-method is-config="true" signature="setUpClass()[pri:0, instance:TestRunner.Runner@50b472aa]" started-at="2020-05-12T17:11:07Z" name="setUpClass" finished-at="2020-05-12T17:11:07Z" duration-ms="244" status="PASS">
          <reporter-output>
          </reporter-output>
        </test-method> <!-- setUpClass -->
        <test-method signature="feature(cucumber.api.testng.CucumberFeatureWrapper)[pri:0, instance:TestRunner.Runner@50b472aa]" started-at="2020-05-12T17:11:07Z" name="feature" description="Runs Cucumber Feature" data-provider="features" finished-at="2020-05-12T17:11:14Z" duration-ms="6659" status="PASS">
          <params>
            <param index="0">
              <value>
                <![CDATA[Reset functionality on login page of Application]]>
              </value>
            </param>
          </params>
          <reporter-output>
          </reporter-output>
        </test-method> <!-- feature -->
        <test-method is-config="true" signature="tearDownClass()[pri:0, instance:TestRunner.Runner@50b472aa]" started-at="2020-05-12T17:11:14Z" name="tearDownClass" finished-at="2020-05-12T17:11:14Z" duration-ms="37" status="PASS">
          <reporter-output>
          </reporter-output>
        </test-method> <!-- tearDownClass -->
      </class> <!-- TestRunner.Runner -->
    </test> <!-- cucumber test -->
  </suite> <!-- Cucumber Suite -->
</testng-results>
